0 info it worked if it ends with ok
1 verbose cli [ '/usr/local/Cellar/node/4.2.1/bin/node',
1 verbose cli   '/usr/local/bin/npm',
1 verbose cli   'run',
1 verbose cli   'node-red' ]
2 info using npm@3.3.9
3 info using node@v4.2.1
4 verbose run-script [ 'prenode-red', 'node-red', 'postnode-red' ]
5 info lifecycle api-stub-server@0.0.1~prenode-red: api-stub-server@0.0.1
6 silly lifecycle api-stub-server@0.0.1~prenode-red: no script for prenode-red, continuing
7 info lifecycle api-stub-server@0.0.1~node-red: api-stub-server@0.0.1
8 verbose lifecycle api-stub-server@0.0.1~node-red: unsafe-perm in lifecycle true
9 verbose lifecycle api-stub-server@0.0.1~node-red: PATH: /usr/local/lib/node_modules/npm/bin/node-gyp-bin:/Volumes/Data/Kwerri/immoweb/api-stub-server/node_modules/.bin:/usr/local/bin:/usr/bin:/bin:/usr/sbin:/sbin
10 verbose lifecycle api-stub-server@0.0.1~node-red: CWD: /Volumes/Data/Kwerri/immoweb/api-stub-server
11 silly lifecycle api-stub-server@0.0.1~node-red: Args: [ '-c',
11 silly lifecycle   'node node_modules/node-red/red.js -v node-red-stubs/flows.json' ]
12 silly lifecycle api-stub-server@0.0.1~node-red: Returned: code: 1  signal: null
13 info lifecycle api-stub-server@0.0.1~node-red: Failed to exec node-red script
14 verbose stack Error: api-stub-server@0.0.1 node-red: `node node_modules/node-red/red.js -v node-red-stubs/flows.json`
14 verbose stack Exit status 1
14 verbose stack     at EventEmitter.<anonymous> (/usr/local/lib/node_modules/npm/lib/utils/lifecycle.js:233:16)
14 verbose stack     at emitTwo (events.js:87:13)
14 verbose stack     at EventEmitter.emit (events.js:172:7)
14 verbose stack     at ChildProcess.<anonymous> (/usr/local/lib/node_modules/npm/lib/utils/spawn.js:24:14)
14 verbose stack     at emitTwo (events.js:87:13)
14 verbose stack     at ChildProcess.emit (events.js:172:7)
14 verbose stack     at maybeClose (internal/child_process.js:818:16)
14 verbose stack     at Process.ChildProcess._handle.onexit (internal/child_process.js:211:5)
15 verbose pkgid api-stub-server@0.0.1
16 verbose cwd /Volumes/Data/Kwerri/immoweb/api-stub-server
17 error Darwin 15.0.0
18 error argv "/usr/local/Cellar/node/4.2.1/bin/node" "/usr/local/bin/npm" "run" "node-red"
19 error node v4.2.1
20 error npm  v3.3.9
21 error code ELIFECYCLE
22 error api-stub-server@0.0.1 node-red: `node node_modules/node-red/red.js -v node-red-stubs/flows.json`
22 error Exit status 1
23 error Failed at the api-stub-server@0.0.1 node-red script 'node node_modules/node-red/red.js -v node-red-stubs/flows.json'.
23 error This is most likely a problem with the api-stub-server package,
23 error not with npm itself.
23 error Tell the author that this fails on your system:
23 error     node node_modules/node-red/red.js -v node-red-stubs/flows.json
23 error You can get their info via:
23 error     npm owner ls api-stub-server
23 error There is likely additional logging output above.
24 verbose exit [ 1, true ]
